#
# A fatal error has been detected by the Java Runtime Environment:
#
#  SIGSEGV (0xb) at pc=0x0000000107248f78, pid=4976, tid=0x0000000000004403
#
# JRE version: Java(TM) SE Runtime Environment (8.0_92-b14) (build 1.8.0_92-b14)
# Java VM: Java HotSpot(TM) 64-Bit Server VM (25.92-b14 mixed mode bsd-amd64 compressed oops)
# Problematic frame:
# V  [libjvm.dylib+0x448f78]
#
# Failed to write core dump. Core dumps have been disabled. To enable core dumping, try "ulimit -c unlimited" before starting Java again
#
# If you would like to submit a bug report, please visit:
#   http://bugreport.java.com/bugreport/crash.jsp
#

---------------  T H R E A D  ---------------

Current thread (0x00007fd60580a800):  JavaThread "JDWP Transport Listener: dt_socket" daemon [_thread_in_vm, id=17411, stack(0x000070000820b000,0x000070000830b000)]

siginfo: si_signo: 11 (SIGSEGV), si_code: 0 (unknown), si_addr: 0x0000000000000000

Registers:
RAX=0x0000000000000001, RBX=0x000070000830aa8b, RCX=0x000000010761a360, RDX=0x000070000830aa8b
RSP=0x000070000830a9d0, RBP=0x000070000830a9e0, RSI=0x00007fd60580a800, RDI=0x2e747365742e7964
R8 =0x0000000000000000, R9 =0x00007fd603e094d0, R10=0x0000000000000001, R11=0x0000000000000001
R12=0x00007fd60580a800, R13=0x2e747365742e7964, R14=0x2e747365742e7964, R15=0x00007fd603f00d00
RIP=0x0000000107248f78, EFLAGS=0x0000000000010202, ERR=0x0000000000000000
  TRAPNO=0x000000000000000d

Top of Stack: (sp=0x000070000830a9d0)
0x000070000830a9d0:   000070000830aa8b 000070000830aa8b
0x000070000830a9e0:   000070000830aa40 0000000107157e66
0x000070000830a9f0:   00007fd60580a800 0000000000000000
0x000070000830aa00:   0000000000000000 0000000000000000
0x000070000830aa10:   00007fd60580a800 00007fd60580a800
0x000070000830aa20:   000070000830aa8b 000070000830aa90
0x000070000830aa30:   2e747365742e7964 0000000000000003
0x000070000830aa40:   000070000830aa60 0000000105bb3780
0x000070000830aa50:   0000000000000001 000070000830ab08
0x000070000830aa60:   000070000830aad0 0000000105b981f3
0x000070000830aa70:   000070000830aaa0 00007fd603e0d560
0x000070000830aa80:   0000000400000032 000000090030ab08
0x000070000830aa90:   0000000000000000 0000000000000000
0x000070000830aaa0:   0000000000000000 000070000830ac90
0x000070000830aab0:   0000000105bbae7a 00007fd603e0d3e0
0x000070000830aac0:   000070000830ab08 0000000105bc6598
0x000070000830aad0:   000070000830aae0 0000000105b982ec
0x000070000830aae0:   000070000830ad00 0000000105ba1898
0x000070000830aaf0:   0000027a00000013 00000000000f0200
0x000070000830ab00:   00007fd603e0d400 000070000830abd6
0x000070000830ab10:   00007fd6000000ae 000070000830ab20
0x000070000830ab20:   00007fd60000007e 000070000830ab58
0x000070000830ab30:   0000000000000000 0000000000000000
0x000070000830ab40:   0000027a0000001c 00007fd600009f80
0x000070000830ab50:   000070000830ab58 d67f000004000000
0x000070000830ab60:   06000000a80bd403 00006d754e746567
0x000070000830ab70:   004a294949280500 000a000000000000
0x000070000830ab80:   00980bd403d67f00 006e69616d040000
0x000070000830ab90:   616a4c5b28160000 2f676e616c2f6176
0x000070000830aba0:   293b676e69727453 0000000000000056
0x000070000830abb0:   0bd403d67f000009 63616308000000a0
0x000070000830abc0:   0000006574616c75 00004a2949492805 

Instructions: (pc=0x0000000107248f78)
0x0000000107248f58:   40 48 48 85 c0 75 e0 30 c0 0f b6 c0 5d c3 31 c0
0x0000000107248f68:   5d c3 55 48 89 e5 53 48 83 ec 08 48 85 ff 74 24
0x0000000107248f78:   48 8b 1f 48 85 db 74 1c 48 83 fb 37 74 16 48 8b
0x0000000107248f88:   03 48 89 df ff 50 10 84 c0 b8 00 00 00 00 48 0f 

Register to memory mapping:

RAX=0x0000000000000001 is an unknown value
RBX=0x000070000830aa8b is pointing into the stack for thread: 0x00007fd60580a800
RCX=0x000000010761a360: UseMembar+0 in /Library/Java/JavaVirtualMachines/jdk1.8.0_92.jdk/Contents/Home/jre/lib/server/libjvm.dylib at 0x0000000106e00000
RDX=0x000070000830aa8b is pointing into the stack for thread: 0x00007fd60580a800
RSP=0x000070000830a9d0 is pointing into the stack for thread: 0x00007fd60580a800
RBP=0x000070000830a9e0 is pointing into the stack for thread: 0x00007fd60580a800
RSI=0x00007fd60580a800 is a thread
RDI=0x2e747365742e7964 is an unknown value
R8 =0x0000000000000000 is an unknown value
R9 =0x00007fd603e094d0 is an unknown value
R10=0x0000000000000001 is an unknown value
R11=0x0000000000000001 is an unknown value
R12=0x00007fd60580a800 is a thread
R13=0x2e747365742e7964 is an unknown value
R14=0x2e747365742e7964 is an unknown value
R15=0x00007fd603f00d00 is an unknown value


Stack: [0x000070000820b000,0x000070000830b000],  sp=0x000070000830a9d0,  free space=1022k
Native frames: (J=compiled Java code, j=interpreted, Vv=VM code, C=native code)
V  [libjvm.dylib+0x448f78]
V  [libjvm.dylib+0x357e66]
C  [libjdwp.dylib+0x20780]  isMethodSynthetic+0x63
C  [libjdwp.dylib+0x51f3]  methods1+0x10b
C  [libjdwp.dylib+0x52ec]  methodsWithGeneric+0xe
C  [libjdwp.dylib+0xe898]  debugLoop_run+0x1ce
C  [libjdwp.dylib+0x1f6ba]  attachThread+0x4d
V  [libjvm.dylib+0x3991cc]
V  [libjvm.dylib+0x564c57]
V  [libjvm.dylib+0x566344]
V  [libjvm.dylib+0x485bbe]
C  [libsystem_pthread.dylib+0x3aab]  _pthread_body+0xb4
C  [libsystem_pthread.dylib+0x39f7]  _pthread_body+0x0
C  [libsystem_pthread.dylib+0x31fd]  thread_start+0xd
C  0x0000000000000000


---------------  P R O C E S S  ---------------

Java Threads: ( => current thread )
  0x00007fd605809000 JavaThread "Service Thread" daemon [_thread_blocked, id=20483, stack(0x000070000881d000,0x000070000891d000)]
  0x00007fd60403e800 JavaThread "C1 CompilerThread2" daemon [_thread_blocked, id=19971, stack(0x000070000871a000,0x000070000881a000)]
  0x00007fd604033800 JavaThread "C2 CompilerThread1" daemon [_thread_blocked, id=19459, stack(0x0000700008617000,0x0000700008717000)]
  0x00007fd604845800 JavaThread "C2 CompilerThread0" daemon [_thread_blocked, id=18947, stack(0x0000700008514000,0x0000700008614000)]
  0x00007fd604840000 JavaThread "JDWP Command Reader" daemon [_thread_in_native, id=18435, stack(0x0000700008411000,0x0000700008511000)]
  0x00007fd604844000 JavaThread "JDWP Event Helper Thread" daemon [_thread_blocked, id=17923, stack(0x000070000830e000,0x000070000840e000)]
=>0x00007fd60580a800 JavaThread "JDWP Transport Listener: dt_socket" daemon [_thread_in_vm, id=17411, stack(0x000070000820b000,0x000070000830b000)]
  0x00007fd60483f000 JavaThread "Signal Dispatcher" daemon [_thread_blocked, id=16899, stack(0x0000700008108000,0x0000700008208000)]
  0x00007fd60481e800 JavaThread "Finalizer" daemon [_thread_blocked, id=12803, stack(0x0000700008005000,0x0000700008105000)]
  0x00007fd60481b800 JavaThread "Reference Handler" daemon [_thread_blocked, id=12291, stack(0x0000700007f02000,0x0000700008002000)]
  0x00007fd605800800 JavaThread "main" [_thread_blocked, id=7427, stack(0x00007000078f0000,0x00007000079f0000)]

Other Threads:
  0x00007fd605020800 VMThread [stack: 0x0000700007dff000,0x0000700007eff000] [id=11779]
  0x00007fd604844800 WatcherThread [stack: 0x0000700008920000,0x0000700008a20000] [id=20995]

VM state:not at safepoint (normal execution)

VM Mutex/Monitor currently owned by a thread: None

Heap:
 PSYoungGen      total 18944K, used 983K [0x00000007aab00000, 0x00000007ac000000, 0x00000007c0000000)
  eden space 16384K, 6% used [0x00000007aab00000,0x00000007aabf5cc8,0x00000007abb00000)
  from space 2560K, 0% used [0x00000007abd80000,0x00000007abd80000,0x00000007ac000000)
  to   space 2560K, 0% used [0x00000007abb00000,0x00000007abb00000,0x00000007abd80000)
 ParOldGen       total 44032K, used 0K [0x0000000780000000, 0x0000000782b00000, 0x00000007aab00000)
  object space 44032K, 0% used [0x0000000780000000,0x0000000780000000,0x0000000782b00000)
 Metaspace       used 2677K, capacity 4500K, committed 4864K, reserved 1056768K
  class space    used 288K, capacity 388K, committed 512K, reserved 1048576K

Card table byte_map: [0x0000000105fb4000,0x00000001061b5000] byte_map_base: 0x00000001023b4000

Marking Bits: (ParMarkBitMap*) 0x00000001076e8bd0
 Begin Bits: [0x0000000116d97000, 0x0000000117d97000)
 End Bits:   [0x0000000117d97000, 0x0000000118d97000)

Polling page: 0x0000000105b92000

CodeCache: size=245760Kb used=1075Kb max_used=1075Kb free=244684Kb
 bounds [0x0000000107d97000, 0x0000000108007000, 0x0000000116d97000]
 total_blobs=237 nmethods=15 adapters=145
 compilation: enabled

Compilation events (10 events):
Event: 0.298 Thread 0x00007fd60403e800   12       3       java.lang.AbstractStringBuilder::append (50 bytes)
Event: 0.298 Thread 0x00007fd60403e800 nmethod 12 0x0000000107ea1b90 code [0x0000000107ea1d40, 0x0000000107ea2268]
Event: 0.298 Thread 0x00007fd60403e800   10       1       java.lang.ref.Reference::get (5 bytes)
Event: 0.298 Thread 0x00007fd60403e800 nmethod 10 0x0000000107ea2450 code [0x0000000107ea25a0, 0x0000000107ea26b0]
Event: 0.301 Thread 0x00007fd60403e800   13       1       java.lang.ThreadLocal::access$400 (5 bytes)
Event: 0.301 Thread 0x00007fd60403e800 nmethod 13 0x0000000107ea2710 code [0x0000000107ea2860, 0x0000000107ea2950]
Event: 0.308 Thread 0x00007fd60403e800   14       3       java.lang.StringBuilder::append (8 bytes)
Event: 0.309 Thread 0x00007fd60403e800 nmethod 14 0x0000000107ea35d0 code [0x0000000107ea3740, 0x0000000107ea38e8]
Event: 0.312 Thread 0x00007fd60403e800   15       3       java.lang.System::getSecurityManager (4 bytes)
Event: 0.312 Thread 0x00007fd60403e800 nmethod 15 0x0000000107ea3990 code [0x0000000107ea3ae0, 0x0000000107ea3c30]

GC Heap History (0 events):
No events

Deoptimization events (0 events):
No events

Internal exceptions (2 events):
Event: 0.042 Thread 0x00007fd605800800 Exception <a 'java/lang/NoSuchMethodError': Method sun.misc.Unsafe.defineClass(Ljava/lang/String;[BII)Ljava/lang/Class; name or signature does not match> (0x00000007aab07cc0) thrown at [/Users/java_re/workspace/8-2-build-macosx-x86_64/jdk8u92/6642/hotspot
Event: 0.042 Thread 0x00007fd605800800 Exception <a 'java/lang/NoSuchMethodError': Method sun.misc.Unsafe.prefetchRead(Ljava/lang/Object;J)V name or signature does not match> (0x00000007aab07fa8) thrown at [/Users/java_re/workspace/8-2-build-macosx-x86_64/jdk8u92/6642/hotspot/src/share/vm/prim

Events (10 events):
Event: 307.229 Executing VM operation: EnterInterpOnlyMode
Event: 307.229 Executing VM operation: EnterInterpOnlyMode done
Event: 307.229 Executing VM operation: GetCurrentLocation
Event: 307.229 Executing VM operation: GetCurrentLocation done
Event: 307.229 Executing VM operation: ChangeSingleStep
Event: 307.229 Executing VM operation: ChangeSingleStep done
Event: 307.230 Executing VM operation: ChangeSingleStep
Event: 307.230 Executing VM operation: ChangeSingleStep done
Event: 312.085 Executing VM operation: RedefineClasses
Event: 312.085 Executing VM operation: RedefineClasses done


Dynamic libraries:
0x000000001517d000 	/System/Library/Frameworks/Cocoa.framework/Versions/A/Cocoa
0x000000001517d000 	/System/Library/Frameworks/Security.framework/Versions/A/Security
0x000000001517d000 	/System/Library/Frameworks/ApplicationServices.framework/Versions/A/ApplicationServices
0x000000001517d000 	/usr/lib/libz.1.dylib
0x000000001517d000 	/usr/lib/libSystem.B.dylib
0x000000001517d000 	/usr/lib/libobjc.A.dylib
0x000000001517d000 	/System/Library/Frameworks/CoreFoundation.framework/Versions/A/CoreFoundation
0x000000001517d000 	/System/Library/Frameworks/Foundation.framework/Versions/C/Foundation
0x000000001517d000 	/System/Library/Frameworks/AppKit.framework/Versions/C/AppKit
0x000000001517d000 	/System/Library/Frameworks/CoreData.framework/Versions/A/CoreData
0x000000001517d000 	/System/Library/PrivateFrameworks/RemoteViewServices.framework/Versions/A/RemoteViewServices
0x000000001517d000 	/System/Library/PrivateFrameworks/UIFoundation.framework/Versions/A/UIFoundation
0x000000001517d000 	/System/Library/PrivateFrameworks/DFRFoundation.framework/Versions/A/DFRFoundation
0x000000001517d000 	/usr/lib/libenergytrace.dylib
0x000000001517d000 	/System/Library/PrivateFrameworks/SkyLight.framework/Versions/A/SkyLight
0x000000001517d000 	/System/Library/Frameworks/CoreGraphics.framework/Versions/A/CoreGraphics
0x000000001517d000 	/usr/lib/libScreenReader.dylib
0x000000001517d000 	/System/Library/Frameworks/Accelerate.framework/Versions/A/Accelerate
0x000000001517d000 	/System/Library/Frameworks/IOSurface.framework/Versions/A/IOSurface
0x000000001517d000 	/System/Library/Frameworks/AudioToolbox.framework/Versions/A/AudioToolbox
0x000000001517d000 	/System/Library/Frameworks/AudioUnit.framework/Versions/A/AudioUnit
0x000000001517d000 	/System/Library/PrivateFrameworks/DataDetectorsCore.framework/Versions/A/DataDetectorsCore
0x000000001517d000 	/System/Library/PrivateFrameworks/DesktopServicesPriv.framework/Versions/A/DesktopServicesPriv
0x000000001517d000 	/System/Library/Frameworks/Carbon.framework/Versions/A/Frameworks/HIToolbox.framework/Versions/A/HIToolbox
0x000000001517d000 	/usr/lib/libicucore.A.dylib
0x000000001517d000 	/System/Library/Frameworks/QuartzCore.framework/Versions/A/QuartzCore
0x000000001517d000 	/System/Library/Frameworks/Carbon.framework/Versions/A/Frameworks/SpeechRecognition.framework/Versions/A/SpeechRecognition
0x000000001517d000 	/usr/lib/libauto.dylib
0x000000001517d000 	/usr/lib/libxml2.2.dylib
0x000000001517d000 	/System/Library/PrivateFrameworks/CoreUI.framework/Versions/A/CoreUI
0x000000001517d000 	/System/Library/Frameworks/CoreAudio.framework/Versions/A/CoreAudio
0x000000001517d000 	/System/Library/Frameworks/DiskArbitration.framework/Versions/A/DiskArbitration
0x000000001517d000 	/usr/lib/liblangid.dylib
0x000000001517d000 	/System/Library/PrivateFrameworks/MultitouchSupport.framework/Versions/A/MultitouchSupport
0x000000001517d000 	/System/Library/Frameworks/IOKit.framework/Versions/A/IOKit
0x000000001517d000 	/usr/lib/libDiagnosticMessagesClient.dylib
0x000000001517d000 	/System/Library/Frameworks/CoreServices.framework/Versions/A/CoreServices
0x000000001517d000 	/System/Library/PrivateFrameworks/PerformanceAnalysis.framework/Versions/A/PerformanceAnalysis
0x000000001517d000 	/System/Library/PrivateFrameworks/GenerationalStorage.framework/Versions/A/GenerationalStorage
0x000000001517d000 	/System/Library/Frameworks/OpenGL.framework/Versions/A/OpenGL
0x000000001517d000 	/System/Library/Frameworks/CoreImage.framework/Versions/A/CoreImage
0x000000001517d000 	/System/Library/Frameworks/CoreText.framework/Versions/A/CoreText
0x000000001517d000 	/System/Library/Frameworks/ImageIO.framework/Versions/A/ImageIO
0x000000001517d000 	/System/Library/PrivateFrameworks/Backup.framework/Versions/A/Backup
0x000000001517d000 	/usr/lib/libarchive.2.dylib
0x000000001517d000 	/System/Library/Frameworks/CFNetwork.framework/Versions/A/CFNetwork
0x000000001517d000 	/System/Library/Frameworks/SystemConfiguration.framework/Versions/A/SystemConfiguration
0x000000001517d000 	/usr/lib/libCRFSuite.dylib
0x000000001517d000 	/usr/lib/libc++.1.dylib
0x000000001517d000 	/usr/lib/libc++abi.dylib
0x000000001517d000 	/usr/lib/system/libcache.dylib
0x000000001517d000 	/usr/lib/system/libcommonCrypto.dylib
0x000000001517d000 	/usr/lib/system/libcompiler_rt.dylib
0x000000001517d000 	/usr/lib/system/libcopyfile.dylib
0x000000001517d000 	/usr/lib/system/libcorecrypto.dylib
0x000000001517d000 	/usr/lib/system/libdispatch.dylib
0x000000001517d000 	/usr/lib/system/libdyld.dylib
0x000000001517d000 	/usr/lib/system/libkeymgr.dylib
0x000000001517d000 	/usr/lib/system/liblaunch.dylib
0x000000001517d000 	/usr/lib/system/libmacho.dylib
0x000000001517d000 	/usr/lib/system/libquarantine.dylib
0x000000001517d000 	/usr/lib/system/libremovefile.dylib
0x000000001517d000 	/usr/lib/system/libsystem_asl.dylib
0x000000001517d000 	/usr/lib/system/libsystem_blocks.dylib
0x000000001517d000 	/usr/lib/system/libsystem_c.dylib
0x000000001517d000 	/usr/lib/system/libsystem_configuration.dylib
0x000000001517d000 	/usr/lib/system/libsystem_coreservices.dylib
0x000000001517d000 	/usr/lib/system/libsystem_coretls.dylib
0x000000001517d000 	/usr/lib/system/libsystem_dnssd.dylib
0x000000001517d000 	/usr/lib/system/libsystem_info.dylib
0x000000001517d000 	/usr/lib/system/libsystem_kernel.dylib
0x000000001517d000 	/usr/lib/system/libsystem_m.dylib
0x000000001517d000 	/usr/lib/system/libsystem_malloc.dylib
0x000000001517d000 	/usr/lib/system/libsystem_network.dylib
0x000000001517d000 	/usr/lib/system/libsystem_networkextension.dylib
0x000000001517d000 	/usr/lib/system/libsystem_notify.dylib
0x000000001517d000 	/usr/lib/system/libsystem_platform.dylib
0x000000001517d000 	/usr/lib/system/libsystem_pthread.dylib
0x000000001517d000 	/usr/lib/system/libsystem_sandbox.dylib
0x000000001517d000 	/usr/lib/system/libsystem_secinit.dylib
0x000000001517d000 	/usr/lib/system/libsystem_symptoms.dylib
0x000000001517d000 	/usr/lib/system/libsystem_trace.dylib
0x000000001517d000 	/usr/lib/system/libunwind.dylib
0x000000001517d000 	/usr/lib/system/libxpc.dylib
0x000000001517d000 	/usr/lib/libbsm.0.dylib
0x000000001517d000 	/usr/lib/system/libkxld.dylib
0x000000001517d000 	/usr/lib/libcoretls.dylib
0x000000001517d000 	/usr/lib/libcoretls_cfhelpers.dylib
0x000000001517d000 	/usr/lib/libxar.1.dylib
0x000000001517d000 	/usr/lib/libsqlite3.dylib
0x000000001517d000 	/usr/lib/libpam.2.dylib
0x000000001517d000 	/usr/lib/libOpenScriptingUtil.dylib
0x000000001517d000 	/usr/lib/libbz2.1.0.dylib
0x000000001517d000 	/usr/lib/liblzma.5.dylib
0x000000001517d000 	/usr/lib/libnetwork.dylib
0x000000001517d000 	/usr/lib/libpcap.A.dylib
0x000000001517d000 	/System/Library/Frameworks/CoreServices.framework/Versions/A/Frameworks/FSEvents.framework/Versions/A/FSEvents
0x000000001517d000 	/System/Library/Frameworks/CoreServices.framework/Versions/A/Frameworks/CarbonCore.framework/Versions/A/CarbonCore
0x000000001517d000 	/System/Library/Frameworks/CoreServices.framework/Versions/A/Frameworks/Metadata.framework/Versions/A/Metadata
0x000000001517d000 	/System/Library/Frameworks/CoreServices.framework/Versions/A/Frameworks/OSServices.framework/Versions/A/OSServices
0x000000001517d000 	/System/Library/Frameworks/CoreServices.framework/Versions/A/Frameworks/SearchKit.framework/Versions/A/SearchKit
0x000000001517d000 	/System/Library/Frameworks/CoreServices.framework/Versions/A/Frameworks/AE.framework/Versions/A/AE
0x000000001517d000 	/System/Library/Frameworks/CoreServices.framework/Versions/A/Frameworks/LaunchServices.framework/Versions/A/LaunchServices
0x000000001517d000 	/System/Library/Frameworks/CoreServices.framework/Versions/A/Frameworks/DictionaryServices.framework/Versions/A/DictionaryServices
0x000000001517d000 	/System/Library/Frameworks/CoreServices.framework/Versions/A/Frameworks/SharedFileList.framework/Versions/A/SharedFileList
0x000000001517d000 	/System/Library/Frameworks/NetFS.framework/Versions/A/NetFS
0x000000001517d000 	/System/Library/PrivateFrameworks/NetAuth.framework/Versions/A/NetAuth
0x000000001517d000 	/System/Library/PrivateFrameworks/login.framework/Versions/A/Frameworks/loginsupport.framework/Versions/A/loginsupport
0x000000001517d000 	/System/Library/PrivateFrameworks/TCC.framework/Versions/A/TCC
0x000000001517d000 	/usr/lib/libmecabra.dylib
0x000000001517d000 	/System/Library/Frameworks/ApplicationServices.framework/Versions/A/Frameworks/ATS.framework/Versions/A/ATS
0x000000001517d000 	/System/Library/Frameworks/ApplicationServices.framework/Versions/A/Frameworks/ColorSync.framework/Versions/A/ColorSync
0x000000001517d000 	/System/Library/Frameworks/ApplicationServices.framework/Versions/A/Frameworks/HIServices.framework/Versions/A/HIServices
0x000000001517d000 	/System/Library/Frameworks/ApplicationServices.framework/Versions/A/Frameworks/LangAnalysis.framework/Versions/A/LangAnalysis
0x000000001517d000 	/System/Library/Frameworks/ApplicationServices.framework/Versions/A/Frameworks/PrintCore.framework/Versions/A/PrintCore
0x000000001517d000 	/System/Library/Frameworks/ApplicationServices.framework/Versions/A/Frameworks/QD.framework/Versions/A/QD
0x000000001517d000 	/System/Library/Frameworks/ApplicationServices.framework/Versions/A/Frameworks/SpeechSynthesis.framework/Versions/A/SpeechSynthesis
0x000000001517d000 	/System/Library/Frameworks/Accelerate.framework/Versions/A/Frameworks/vImage.framework/Versions/A/vImage
0x000000001517d000 	/System/Library/Frameworks/Accelerate.framework/Versions/A/Frameworks/vecLib.framework/Versions/A/vecLib
0x000000001517d000 	/System/Library/Frameworks/Accelerate.framework/Versions/A/Frameworks/vecLib.framework/Versions/A/libvDSP.dylib
0x000000001517d000 	/System/Library/Frameworks/Accelerate.framework/Versions/A/Frameworks/vecLib.framework/Versions/A/libBNNS.dylib
0x000000001517d000 	/System/Library/Frameworks/Accelerate.framework/Versions/A/Frameworks/vecLib.framework/Versions/A/libQuadrature.dylib
0x000000001517d000 	/System/Library/Frameworks/Accelerate.framework/Versions/A/Frameworks/vecLib.framework/Versions/A/libvMisc.dylib
0x000000001517d000 	/System/Library/Frameworks/Accelerate.framework/Versions/A/Frameworks/vecLib.framework/Versions/A/libLAPACK.dylib
0x000000001517d000 	/System/Library/Frameworks/Accelerate.framework/Versions/A/Frameworks/vecLib.framework/Versions/A/libBLAS.dylib
0x000000001517d000 	/System/Library/Frameworks/Accelerate.framework/Versions/A/Frameworks/vecLib.framework/Versions/A/libLinearAlgebra.dylib
0x000000001517d000 	/System/Library/Frameworks/Accelerate.framework/Versions/A/Frameworks/vecLib.framework/Versions/A/libSparseBLAS.dylib
0x000000001517d000 	/System/Library/Frameworks/ApplicationServices.framework/Versions/A/Frameworks/ATS.framework/Versions/A/Resources/libFontParser.dylib
0x000000001517d000 	/System/Library/Frameworks/ApplicationServices.framework/Versions/A/Frameworks/ATS.framework/Versions/A/Resources/libFontRegistry.dylib
0x000000001517d000 	/System/Library/Frameworks/ImageIO.framework/Versions/A/Resources/libJPEG.dylib
0x000000001517d000 	/System/Library/Frameworks/ImageIO.framework/Versions/A/Resources/libTIFF.dylib
0x000000001517d000 	/System/Library/Frameworks/ImageIO.framework/Versions/A/Resources/libPng.dylib
0x000000001517d000 	/System/Library/Frameworks/ImageIO.framework/Versions/A/Resources/libGIF.dylib
0x000000001517d000 	/System/Library/Frameworks/ImageIO.framework/Versions/A/Resources/libJP2.dylib
0x000000001517d000 	/System/Library/Frameworks/ImageIO.framework/Versions/A/Resources/libRadiance.dylib
0x000000001517d000 	/usr/lib/libcompression.dylib
0x000000001517d000 	/System/Library/PrivateFrameworks/AppleJPEG.framework/Versions/A/AppleJPEG
0x000000001517d000 	/usr/lib/libcups.2.dylib
0x000000001517d000 	/System/Library/Frameworks/Kerberos.framework/Versions/A/Kerberos
0x000000001517d000 	/System/Library/Frameworks/GSS.framework/Versions/A/GSS
0x000000001517d000 	/usr/lib/libresolv.9.dylib
0x000000001517d000 	/usr/lib/libiconv.2.dylib
0x000000001517d000 	/System/Library/PrivateFrameworks/Heimdal.framework/Versions/A/Heimdal
0x000000001517d000 	/usr/lib/libheimdal-asn1.dylib
0x000000001517d000 	/System/Library/Frameworks/OpenDirectory.framework/Versions/A/OpenDirectory
0x000000001517d000 	/System/Library/PrivateFrameworks/CommonAuth.framework/Versions/A/CommonAuth
0x000000001517d000 	/System/Library/Frameworks/OpenDirectory.framework/Versions/A/Frameworks/CFOpenDirectory.framework/Versions/A/CFOpenDirectory
0x000000001517d000 	/System/Library/Frameworks/SecurityFoundation.framework/Versions/A/SecurityFoundation
0x000000001517d000 	/System/Library/PrivateFrameworks/LanguageModeling.framework/Versions/A/LanguageModeling
0x000000001517d000 	/usr/lib/libmarisa.dylib
0x000000001517d000 	/usr/lib/libChineseTokenizer.dylib
0x000000001517d000 	/usr/lib/libcmph.dylib
0x000000001517d000 	/System/Library/PrivateFrameworks/CoreEmoji.framework/Versions/A/CoreEmoji
0x000000001517d000 	/System/Library/Frameworks/ServiceManagement.framework/Versions/A/ServiceManagement
0x000000001517d000 	/usr/lib/libxslt.1.dylib
0x000000001517d000 	/System/Library/Frameworks/Carbon.framework/Versions/A/Frameworks/Ink.framework/Versions/A/Ink
0x000000001517d000 	/System/Library/PrivateFrameworks/TextureIO.framework/Versions/A/TextureIO
0x000000001517d000 	/System/Library/Frameworks/Metal.framework/Versions/A/Metal
0x000000001517d000 	/usr/lib/libate.dylib
0x000000001517d000 	/System/Library/PrivateFrameworks/GPUCompiler.framework/libmetal_timestamp.dylib
0x000000001517d000 	/System/Library/Frameworks/OpenGL.framework/Versions/A/Libraries/libCoreFSCache.dylib
0x000000001517d000 	/System/Library/PrivateFrameworks/IOAccelerator.framework/Versions/A/IOAccelerator
0x000000001517d000 	/System/Library/Frameworks/CoreVideo.framework/Versions/A/CoreVideo
0x000000001517d000 	/usr/lib/libFosl_dynamic.dylib
0x000000001517d000 	/System/Library/PrivateFrameworks/MetalPerformanceShaders.framework/Versions/A/MetalPerformanceShaders
0x000000001517d000 	/System/Library/PrivateFrameworks/FaceCore.framework/Versions/A/FaceCore
0x000000001517d000 	/System/Library/Frameworks/OpenCL.framework/Versions/A/OpenCL
0x000000001517d000 	/System/Library/Frameworks/OpenGL.framework/Versions/A/Libraries/libGLU.dylib
0x000000001517d000 	/System/Library/Frameworks/OpenGL.framework/Versions/A/Libraries/libGFXShared.dylib
0x000000001517d000 	/System/Library/Frameworks/OpenGL.framework/Versions/A/Libraries/libGL.dylib
0x000000001517d000 	/System/Library/Frameworks/OpenGL.framework/Versions/A/Libraries/libGLImage.dylib
0x000000001517d000 	/System/Library/Frameworks/OpenGL.framework/Versions/A/Libraries/libCVMSPluginSupport.dylib
0x000000001517d000 	/System/Library/Frameworks/OpenGL.framework/Versions/A/Libraries/libCoreVMClient.dylib
0x000000001517d000 	/System/Library/PrivateFrameworks/CrashReporterSupport.framework/Versions/A/CrashReporterSupport
0x000000001517d000 	/System/Library/PrivateFrameworks/Sharing.framework/Versions/A/Sharing
0x000000001517d000 	/System/Library/PrivateFrameworks/IconServices.framework/Versions/A/IconServices
0x000000001517d000 	/System/Library/PrivateFrameworks/ProtocolBuffer.framework/Versions/A/ProtocolBuffer
0x000000001517d000 	/System/Library/PrivateFrameworks/Apple80211.framework/Versions/A/Apple80211
0x000000001517d000 	/System/Library/Frameworks/CoreWLAN.framework/Versions/A/CoreWLAN
0x000000001517d000 	/System/Library/PrivateFrameworks/CoreUtils.framework/Versions/A/CoreUtils
0x000000001517d000 	/System/Library/Frameworks/IOBluetooth.framework/Versions/A/IOBluetooth
0x000000001517d000 	/System/Library/PrivateFrameworks/CoreWiFi.framework/Versions/A/CoreWiFi
0x000000001517d000 	/System/Library/Frameworks/CoreBluetooth.framework/Versions/A/CoreBluetooth
0x000000001517d000 	/System/Library/Frameworks/CoreDisplay.framework/Versions/A/CoreDisplay
0x000000001517d000 	/System/Library/PrivateFrameworks/IOPresentment.framework/Versions/A/IOPresentment
0x000000001517d000 	/System/Library/PrivateFrameworks/DebugSymbols.framework/Versions/A/DebugSymbols
0x000000001517d000 	/System/Library/PrivateFrameworks/CoreSymbolication.framework/Versions/A/CoreSymbolication
0x000000001517d000 	/System/Library/PrivateFrameworks/Symbolication.framework/Versions/A/Symbolication
0x000000001517d000 	/System/Library/PrivateFrameworks/AppleFSCompression.framework/Versions/A/AppleFSCompression
0x000000001517d000 	/System/Library/PrivateFrameworks/SpeechRecognitionCore.framework/Versions/A/SpeechRecognitionCore
0x000000001517d000 	/System/Library/PrivateFrameworks/ChunkingLibrary.framework/Versions/A/ChunkingLibrary
0x0000000105a52000 	/System/Library/CoreServices/Encodings/libSimplifiedChineseConverter.dylib
0x0000000106e00000 	/Library/Java/JavaVirtualMachines/jdk1.8.0_92.jdk/Contents/Home/jre/lib/server/libjvm.dylib
0x0000000105a96000 	/usr/lib/libstdc++.6.dylib
0x0000000105b4f000 	/Library/Java/JavaVirtualMachines/jdk1.8.0_92.jdk/Contents/Home/jre/lib/libverify.dylib
0x0000000105b5d000 	/Library/Java/JavaVirtualMachines/jdk1.8.0_92.jdk/Contents/Home/jre/lib/libjava.dylib
0x0000000105b93000 	/Library/Java/JavaVirtualMachines/jdk1.8.0_92.jdk/Contents/Home/jre/lib/libjdwp.dylib
0x0000000105bde000 	/Library/Java/JavaVirtualMachines/jdk1.8.0_92.jdk/Contents/Home/jre/lib/libnpt.dylib
0x0000000105beb000 	/Library/Java/JavaVirtualMachines/jdk1.8.0_92.jdk/Contents/Home/jre/lib/libzip.dylib
0x00000001065ad000 	/System/Library/Frameworks/JavaVM.framework/Frameworks/JavaRuntimeSupport.framework/JavaRuntimeSupport
0x0000000106368000 	/System/Library/Frameworks/JavaVM.framework/Versions/A/Frameworks/JavaNativeFoundation.framework/Versions/A/JavaNativeFoundation
0x00000001065c7000 	/System/Library/Frameworks/JavaVM.framework/Versions/A/JavaVM
0x000000001517d000 	/System/Library/Frameworks/Carbon.framework/Versions/A/Carbon
0x00000001065d4000 	/System/Library/PrivateFrameworks/JavaLaunching.framework/Versions/A/JavaLaunching
0x000000001517d000 	/System/Library/Frameworks/Carbon.framework/Versions/A/Frameworks/CommonPanels.framework/Versions/A/CommonPanels
0x000000001517d000 	/System/Library/Frameworks/Carbon.framework/Versions/A/Frameworks/Help.framework/Versions/A/Help
0x000000001517d000 	/System/Library/Frameworks/Carbon.framework/Versions/A/Frameworks/ImageCapture.framework/Versions/A/ImageCapture
0x000000001517d000 	/System/Library/Frameworks/Carbon.framework/Versions/A/Frameworks/OpenScripting.framework/Versions/A/OpenScripting
0x000000001517d000 	/System/Library/Frameworks/Carbon.framework/Versions/A/Frameworks/Print.framework/Versions/A/Print
0x000000001517d000 	/System/Library/Frameworks/Carbon.framework/Versions/A/Frameworks/SecurityHI.framework/Versions/A/SecurityHI
0x00000001065e8000 	/Library/Java/JavaVirtualMachines/jdk1.8.0_92.jdk/Contents/Home/jre/lib/libdt_socket.dylib

VM Arguments:
jvm_args: -agentlib:jdwp=transport=dt_socket,suspend=y,address=localhost:49733 -Dfile.encoding=UTF-8 
java_command: com.brain.study.test.interview.Test8
java_class_path (initial): /Users/brain/Desktop/github/studya/studyjava/bin
Launcher Type: SUN_STANDARD

Environment Variables:
PATH=/usr/bin:/bin:/usr/sbin:/sbin
SHELL=/bin/bash

Signal Handlers:
SIGSEGV: [libjvm.dylib+0x5aa779], sa_mask[0]=11111111011111110111111111111111, sa_flags=SA_ONSTACK|SA_RESTART|SA_SIGINFO
SIGBUS: [libjvm.dylib+0x5aa779], sa_mask[0]=11111111011111110111111111111111, sa_flags=SA_RESTART|SA_SIGINFO
SIGFPE: [libjvm.dylib+0x4831d0], sa_mask[0]=11111111011111110111111111111111, sa_flags=SA_RESTART|SA_SIGINFO
SIGPIPE: [libjvm.dylib+0x4831d0], sa_mask[0]=11111111011111110111111111111111, sa_flags=SA_RESTART|SA_SIGINFO
SIGXFSZ: [libjvm.dylib+0x4831d0], sa_mask[0]=11111111011111110111111111111111, sa_flags=SA_RESTART|SA_SIGINFO
SIGILL: [libjvm.dylib+0x4831d0], sa_mask[0]=11111111011111110111111111111111, sa_flags=SA_RESTART|SA_SIGINFO
SIGUSR1: SIG_DFL, sa_mask[0]=00000000000000000000000000000000, sa_flags=none
SIGUSR2: [libjvm.dylib+0x482cee], sa_mask[0]=00100000000000000000000000000000, sa_flags=SA_RESTART|SA_SIGINFO
SIGHUP: [libjvm.dylib+0x4812c5], sa_mask[0]=11111111011111110111111111111111, sa_flags=SA_RESTART|SA_SIGINFO
SIGINT: [libjvm.dylib+0x4812c5], sa_mask[0]=11111111011111110111111111111111, sa_flags=SA_RESTART|SA_SIGINFO
SIGTERM: [libjvm.dylib+0x4812c5], sa_mask[0]=11111111011111110111111111111111, sa_flags=SA_RESTART|SA_SIGINFO
SIGQUIT: [libjvm.dylib+0x4812c5], sa_mask[0]=11111111011111110111111111111111, sa_flags=SA_RESTART|SA_SIGINFO


---------------  S Y S T E M  ---------------

OS:Bsduname:Darwin 16.3.0 Darwin Kernel Version 16.3.0: Thu Nov 17 20:23:58 PST 2016; root:xnu-3789.31.2~1/RELEASE_X86_64 x86_64
rlimit: STACK 8192k, CORE 0k, NPROC 709, NOFILE 10240, AS infinity
load average:2.29 2.29 2.43

CPU:total 4 (2 cores per cpu, 2 threads per core) family 6 model 58 stepping 9, cmov, cx8, fxsr, mmx, sse, sse2, sse3, ssse3, sse4.1, sse4.2, popcnt, avx, aes, clmul, erms, ht, tsc, tscinvbit, tscinv

Memory: 4k page, physical 4194304k(859756k free)

/proc/meminfo:


vm_info: Java HotSpot(TM) 64-Bit Server VM (25.92-b14) for bsd-amd64 JRE (1.8.0_92-b14), built on Mar 31 2016 21:23:14 by "java_re" with gcc 4.2.1 (Based on Apple Inc. build 5658) (LLVM build 2336.11.00)

time: Wed Dec 28 18:50:34 2016
elapsed time: 312 seconds (0d 0h 5m 12s)

